"is_built_lib_BatlCamlLib" "true"
"built_lib_BatlCamlLib" "/Users/danielkim802/Desktop/FA2016/CS 3110/finalproject/_build/src/lib/BatlCamlLib.cma"
"built_lib_BatlCamlLib" "/Users/danielkim802/Desktop/FA2016/CS 3110/finalproject/_build/src/lib/BatlCamlLib.cmxa"
"built_lib_BatlCamlLib" "/Users/danielkim802/Desktop/FA2016/CS 3110/finalproject/_build/src/lib/BatlCamlLib.a"
"built_lib_BatlCamlLib" "/Users/danielkim802/Desktop/FA2016/CS 3110/finalproject/_build/src/lib/BatlCamlLib.cmxs"
"built_lib_BatlCamlLib" "/Users/danielkim802/Desktop/FA2016/CS 3110/finalproject/_build/src/lib/api.cmi"
"built_lib_BatlCamlLib" "/Users/danielkim802/Desktop/FA2016/CS 3110/finalproject/_build/src/lib/api.cmti"
"built_lib_BatlCamlLib" "/Users/danielkim802/Desktop/FA2016/CS 3110/finalproject/_build/src/lib/api.cmt"
"built_lib_BatlCamlLib" "/Users/danielkim802/Desktop/FA2016/CS 3110/finalproject/_build/src/lib/api.annot"
"built_lib_BatlCamlLib" "/Users/danielkim802/Desktop/FA2016/CS 3110/finalproject/_build/src/lib/game.cmx"
"built_lib_BatlCamlLib" "/Users/danielkim802/Desktop/FA2016/CS 3110/finalproject/_build/src/lib/control.cmx"
"built_lib_BatlCamlLib" "/Users/danielkim802/Desktop/FA2016/CS 3110/finalproject/_build/src/lib/collisions.cmx"
"built_lib_BatlCamlLib" "/Users/danielkim802/Desktop/FA2016/CS 3110/finalproject/_build/src/lib/bullet.cmx"
"built_lib_BatlCamlLib" "/Users/danielkim802/Desktop/FA2016/CS 3110/finalproject/_build/src/lib/bot.cmx"
"built_lib_BatlCamlLib" "/Users/danielkim802/Desktop/FA2016/CS 3110/finalproject/_build/src/lib/apiinternal.cmx"
"built_lib_BatlCamlLib" "/Users/danielkim802/Desktop/FA2016/CS 3110/finalproject/_build/src/lib/api.cmx"
"is_built_exec_BatlCaml" "true"
"built_exec_BatlCaml" "/Users/danielkim802/Desktop/FA2016/CS 3110/finalproject/_build/src/main.byte"
"is_built_exec_test" "true"
"built_exec_test" "/Users/danielkim802/Desktop/FA2016/CS 3110/finalproject/_build/src/test/test.byte"
"install-findlib" "BatlCamlLib"
"install-file" "/usr/local/bin/BatlCaml"
"install-file" "/usr/local/bin/test"
